{"numFailedTestSuites":0,"numFailedTests":0,"numPassedTestSuites":4,"numPassedTests":16,"numPendingTestSuites":0,"numPendingTests":0,"numRuntimeErrorTestSuites":0,"numTodoTests":0,"numTotalTestSuites":4,"numTotalTests":16,"openHandles":[],"snapshot":{"added":0,"didUpdate":false,"failure":false,"filesAdded":0,"filesRemoved":0,"filesRemovedList":[],"filesUnmatched":0,"filesUpdated":0,"matched":0,"total":0,"unchecked":0,"uncheckedKeysByFile":[],"unmatched":0,"updated":0},"startTime":1753729233761,"success":true,"testResults":[{"assertionResults":[{"ancestorTitles":["ProjectList"],"failureMessages":[],"fullName":"ProjectList renders all project cards","location":null,"status":"passed","title":"renders all project cards"},{"ancestorTitles":["ProjectList"],"failureMessages":[],"fullName":"ProjectList filters by status when clicking filter","location":null,"status":"passed","title":"filters by status when clicking filter"},{"ancestorTitles":["ProjectList"],"failureMessages":[],"fullName":"ProjectList shows empty state if no projects","location":null,"status":"passed","title":"shows empty state if no projects"},{"ancestorTitles":["ProjectList"],"failureMessages":[],"fullName":"ProjectList Post Project button present","location":null,"status":"passed","title":"Post Project button present"}],"endTime":1753729237045,"message":"","name":"/home/coder/project/workspace/question_generation_service/solutions/dc589774-95dd-4c1b-a858-f0a495141b89/reactapp/src/components/ProjectList.test.js","startTime":1753729234789,"status":"passed","summary":""},{"assertionResults":[{"ancestorTitles":["FreelancerForm"],"failureMessages":[],"fullName":"FreelancerForm renders all fields and validates required input","location":null,"status":"passed","title":"renders all fields and validates required input"},{"ancestorTitles":["FreelancerForm"],"failureMessages":[],"fullName":"FreelancerForm shows error for invalid email format and negative rate","location":null,"status":"passed","title":"shows error for invalid email format and negative rate"},{"ancestorTitles":["FreelancerForm"],"failureMessages":[],"fullName":"FreelancerForm on successful submission, displays success and clears form","location":null,"status":"passed","title":"on successful submission, displays success and clears form"},{"ancestorTitles":["FreelancerForm"],"failureMessages":[],"fullName":"FreelancerForm displays api validation errors from backend","location":null,"status":"passed","title":"displays api validation errors from backend"}],"endTime":1753729237064,"message":"","name":"/home/coder/project/workspace/question_generation_service/solutions/dc589774-95dd-4c1b-a858-f0a495141b89/reactapp/src/components/FreelancerForm.test.js","startTime":1753729234789,"status":"passed","summary":""},{"assertionResults":[{"ancestorTitles":["FreelancerList"],"failureMessages":[],"fullName":"FreelancerList renders list of freelancers","location":null,"status":"passed","title":"renders list of freelancers"},{"ancestorTitles":["FreelancerList"],"failureMessages":[],"fullName":"FreelancerList shows empty state when no freelancers","location":null,"status":"passed","title":"shows empty state when no freelancers"},{"ancestorTitles":["FreelancerList"],"failureMessages":[],"fullName":"FreelancerList filters by skill on search","location":null,"status":"passed","title":"filters by skill on search"},{"ancestorTitles":["FreelancerList"],"failureMessages":[],"fullName":"FreelancerList navigates to /freelancers/new on Create Freelancer","location":null,"status":"passed","title":"navigates to /freelancers/new on Create Freelancer"}],"endTime":1753729237117,"message":"","name":"/home/coder/project/workspace/question_generation_service/solutions/dc589774-95dd-4c1b-a858-f0a495141b89/reactapp/src/components/FreelancerList.test.js","startTime":1753729234789,"status":"passed","summary":""},{"assertionResults":[{"ancestorTitles":["ProjectForm"],"failureMessages":[],"fullName":"ProjectForm shows field errors for empty fields","location":null,"status":"passed","title":"shows field errors for empty fields"},{"ancestorTitles":["ProjectForm"],"failureMessages":[],"fullName":"ProjectForm shows field errors for invalid budget and deadline","location":null,"status":"passed","title":"shows field errors for invalid budget and deadline"},{"ancestorTitles":["ProjectForm"],"failureMessages":[],"fullName":"ProjectForm on successful submission, displays success and clears form","location":null,"status":"passed","title":"on successful submission, displays success and clears form"},{"ancestorTitles":["ProjectForm"],"failureMessages":[],"fullName":"ProjectForm shows api validation errors from backend","location":null,"status":"passed","title":"shows api validation errors from backend"}],"endTime":1753729237137,"message":"","name":"/home/coder/project/workspace/question_generation_service/solutions/dc589774-95dd-4c1b-a858-f0a495141b89/reactapp/src/components/ProjectForm.test.js","startTime":1753729234789,"status":"passed","summary":""}],"wasInterrupted":false}